{
  "stats": {
    "suites": 2,
    "tests": 6,
    "passes": 2,
    "pending": 4,
    "failures": 0,
    "start": "2023-10-20T11:42:16.176Z",
    "end": "2023-10-20T11:42:44.226Z",
    "duration": 28050,
    "testsRegistered": 6,
    "passPercent": 100,
    "pendingPercent": 66.66666666666666,
    "other": 0,
    "hasOther": false,
    "skipped": 0,
    "hasSkipped": false
  },
  "results": [
    {
      "uuid": "62a9bee1-3487-45cd-8eda-84f16c7c8701",
      "title": "",
      "fullFile": "",
      "file": "",
      "beforeHooks": [],
      "afterHooks": [],
      "tests": [],
      "suites": [
        {
          "uuid": "c9ba5016-5671-4b78-81bd-34084d2e6d9f",
          "title": "GoogleSearch",
          "fullFile": "/home/ongraph/Documents/vsCode/codeceptjsPlayWright/GoogleSearch_test.js",
          "file": "/GoogleSearch_test.js",
          "beforeHooks": [
            {
              "title": "\"before all\" hook: codeceptjs.beforeSuite in \"GoogleSearch\"",
              "fullTitle": "GoogleSearch \"before all\" hook: codeceptjs.beforeSuite in \"GoogleSearch\"",
              "timedOut": false,
              "duration": 323,
              "state": null,
              "speed": null,
              "pass": false,
              "fail": false,
              "pending": false,
              "context": null,
              "code": "scenario.suiteSetup(suite)",
              "err": {},
              "uuid": "dcd5a54a-c8b0-4bba-82ca-ba1fb7d5edb2",
              "parentUUID": "c9ba5016-5671-4b78-81bd-34084d2e6d9f",
              "isHook": true,
              "skipped": false
            },
            {
              "title": "\"before each\" hook: codeceptjs.before in \"GoogleSearch\"",
              "fullTitle": "GoogleSearch \"before each\" hook: codeceptjs.before in \"GoogleSearch\"",
              "timedOut": false,
              "duration": 186,
              "state": null,
              "speed": null,
              "pass": false,
              "fail": false,
              "pending": false,
              "context": null,
              "code": "scenario.setup(suite)",
              "err": {},
              "uuid": "816423d3-8095-48a6-83fb-e9bcc43949b9",
              "parentUUID": "c9ba5016-5671-4b78-81bd-34084d2e6d9f",
              "isHook": true,
              "skipped": false
            }
          ],
          "afterHooks": [
            {
              "title": "\"after all\" hook: codeceptjs.afterSuite in \"GoogleSearch\"",
              "fullTitle": "GoogleSearch \"after all\" hook: codeceptjs.afterSuite in \"GoogleSearch\"",
              "timedOut": false,
              "duration": 0,
              "state": null,
              "speed": null,
              "pass": false,
              "fail": false,
              "pending": false,
              "context": null,
              "code": "scenario.suiteTeardown(suite)",
              "err": {},
              "uuid": "1175025e-6d35-4c8b-8c0c-480b09a6ab44",
              "parentUUID": "c9ba5016-5671-4b78-81bd-34084d2e6d9f",
              "isHook": true,
              "skipped": false
            },
            {
              "title": "\"after each\" hook: finalize codeceptjs in \"GoogleSearch\"",
              "fullTitle": "GoogleSearch \"after each\" hook: finalize codeceptjs in \"GoogleSearch\"",
              "timedOut": false,
              "duration": 64,
              "state": null,
              "speed": null,
              "pass": false,
              "fail": false,
              "pending": false,
              "context": null,
              "code": "scenario.teardown(suite)",
              "err": {},
              "uuid": "6f1ddfd6-f1f7-408f-9311-ad96e33efd03",
              "parentUUID": "c9ba5016-5671-4b78-81bd-34084d2e6d9f",
              "isHook": true,
              "skipped": false
            }
          ],
          "tests": [
            {
              "title": "test something",
              "fullTitle": "GoogleSearch: test something",
              "timedOut": false,
              "duration": 6363,
              "state": "passed",
              "speed": "slow",
              "pass": true,
              "fail": false,
              "pending": false,
              "context": null,
              "code": "I }) => {\n  I.amOnPage('/');\n  I.wait(3);",
              "err": {},
              "uuid": "c92a66ff-8551-4bbf-b2c2-537526f6a320",
              "parentUUID": "c9ba5016-5671-4b78-81bd-34084d2e6d9f",
              "isHook": false,
              "skipped": false
            }
          ],
          "suites": [],
          "passes": [
            "c92a66ff-8551-4bbf-b2c2-537526f6a320"
          ],
          "failures": [],
          "pending": [],
          "skipped": [],
          "duration": 6363,
          "root": false,
          "rootEmpty": false,
          "_timeout": 0
        },
        {
          "uuid": "da0b2372-feff-42e3-8962-b3d98b6e8bf7",
          "title": "Demo Search",
          "fullFile": "/home/ongraph/Documents/vsCode/codeceptjsPlayWright/IOnPage_test.js",
          "file": "/IOnPage_test.js",
          "beforeHooks": [
            {
              "title": "\"before all\" hook: codeceptjs.beforeSuite in \"Demo Search\"",
              "fullTitle": "Demo Search \"before all\" hook: codeceptjs.beforeSuite in \"Demo Search\"",
              "timedOut": false,
              "duration": 1,
              "state": null,
              "speed": null,
              "pass": false,
              "fail": false,
              "pending": false,
              "context": null,
              "code": "scenario.suiteSetup(suite)",
              "err": {},
              "uuid": "389791d9-5ac5-479e-8c0f-fa6b1d5df5aa",
              "parentUUID": "da0b2372-feff-42e3-8962-b3d98b6e8bf7",
              "isHook": true,
              "skipped": false
            },
            {
              "title": "\"before each\" hook: codeceptjs.before in \"Demo Search\"",
              "fullTitle": "Demo Search \"before each\" hook: codeceptjs.before in \"Demo Search\"",
              "timedOut": false,
              "duration": 86,
              "state": null,
              "speed": null,
              "pass": false,
              "fail": false,
              "pending": false,
              "context": null,
              "code": "scenario.setup(suite)",
              "err": {},
              "uuid": "da856c80-06f2-4741-8005-1395e95a87dd",
              "parentUUID": "da0b2372-feff-42e3-8962-b3d98b6e8bf7",
              "isHook": true,
              "skipped": false
            }
          ],
          "afterHooks": [
            {
              "title": "\"after all\" hook: codeceptjs.afterSuite in \"Demo Search\"",
              "fullTitle": "Demo Search \"after all\" hook: codeceptjs.afterSuite in \"Demo Search\"",
              "timedOut": false,
              "duration": 1,
              "state": null,
              "speed": null,
              "pass": false,
              "fail": false,
              "pending": false,
              "context": null,
              "code": "scenario.suiteTeardown(suite)",
              "err": {},
              "uuid": "52896498-9306-44ea-8c55-807f47b7cbc6",
              "parentUUID": "da0b2372-feff-42e3-8962-b3d98b6e8bf7",
              "isHook": true,
              "skipped": false
            },
            {
              "title": "\"after each\" hook: finalize codeceptjs in \"Demo Search\"",
              "fullTitle": "Demo Search \"after each\" hook: finalize codeceptjs in \"Demo Search\"",
              "timedOut": false,
              "duration": 37,
              "state": null,
              "speed": null,
              "pass": false,
              "fail": false,
              "pending": false,
              "context": null,
              "code": "scenario.teardown(suite)",
              "err": {},
              "uuid": "62d33924-91a9-4513-8366-2a6fe8137f38",
              "parentUUID": "da0b2372-feff-42e3-8962-b3d98b6e8bf7",
              "isHook": true,
              "skipped": false
            }
          ],
          "tests": [
            {
              "title": "test something",
              "fullTitle": "Demo Search: test something",
              "timedOut": false,
              "duration": 20979,
              "state": "passed",
              "speed": "slow",
              "pass": true,
              "fail": false,
              "pending": false,
              "context": null,
              "code": "I }) => {\n  I.amOnPage('/');\n  I.wait(1);\n  I.amOnPage('dooodles');\n  I.wait(1);\n  I.amOnPage('https://opensource-demo.orangehrmlive.com');\n  I.wait(1);\n  I.amOnPage('http://the-internet.herokuapp.com/dynamic_loading');\n  I.wait(1);",
              "err": {},
              "uuid": "bd8090a9-9863-4b98-82e8-5df3f90057b8",
              "parentUUID": "da0b2372-feff-42e3-8962-b3d98b6e8bf7",
              "isHook": false,
              "skipped": false
            },
            {
              "title": "2.testCases2-Test",
              "fullTitle": "Demo Search: 2.testCases2-Test",
              "timedOut": false,
              "duration": 0,
              "state": "pending",
              "speed": null,
              "pass": false,
              "fail": false,
              "pending": true,
              "context": null,
              "code": "",
              "err": {},
              "uuid": "510de6b1-0282-4e67-ae69-2fab45f4dd6e",
              "parentUUID": "da0b2372-feff-42e3-8962-b3d98b6e8bf7",
              "isHook": false,
              "skipped": false
            },
            {
              "title": "3.grab Text-Test",
              "fullTitle": "Demo Search: 3.grab Text-Test",
              "timedOut": false,
              "duration": 0,
              "state": "pending",
              "speed": null,
              "pass": false,
              "fail": false,
              "pending": true,
              "context": null,
              "code": "",
              "err": {},
              "uuid": "8613217b-bf8a-4ea1-9499-a7a1a4ba5afa",
              "parentUUID": "da0b2372-feff-42e3-8962-b3d98b6e8bf7",
              "isHook": false,
              "skipped": false
            },
            {
              "title": "4.selectionOption-Test",
              "fullTitle": "Demo Search: 4.selectionOption-Test",
              "timedOut": false,
              "duration": 0,
              "state": "pending",
              "speed": null,
              "pass": false,
              "fail": false,
              "pending": true,
              "context": null,
              "code": "",
              "err": {},
              "uuid": "a4837c89-30e2-48cd-bd54-4f813ad60549",
              "parentUUID": "da0b2372-feff-42e3-8962-b3d98b6e8bf7",
              "isHook": false,
              "skipped": false
            },
            {
              "title": "5.Wait-Test",
              "fullTitle": "Demo Search: 5.Wait-Test",
              "timedOut": false,
              "duration": 0,
              "state": "pending",
              "speed": null,
              "pass": false,
              "fail": false,
              "pending": true,
              "context": null,
              "code": "",
              "err": {},
              "uuid": "d5d4f0cf-58f6-4623-92c3-4460843d0e76",
              "parentUUID": "da0b2372-feff-42e3-8962-b3d98b6e8bf7",
              "isHook": false,
              "skipped": false
            }
          ],
          "suites": [],
          "passes": [
            "bd8090a9-9863-4b98-82e8-5df3f90057b8"
          ],
          "failures": [],
          "pending": [
            "510de6b1-0282-4e67-ae69-2fab45f4dd6e",
            "8613217b-bf8a-4ea1-9499-a7a1a4ba5afa",
            "a4837c89-30e2-48cd-bd54-4f813ad60549",
            "d5d4f0cf-58f6-4623-92c3-4460843d0e76"
          ],
          "skipped": [],
          "duration": 20979,
          "root": false,
          "rootEmpty": false,
          "_timeout": 0
        }
      ],
      "passes": [],
      "failures": [],
      "pending": [],
      "skipped": [],
      "duration": 0,
      "root": true,
      "rootEmpty": true,
      "_timeout": 0
    }
  ],
  "meta": {
    "mocha": {
      "version": "10.2.0"
    },
    "mochawesome": {
      "options": {
        "quiet": false,
        "reportFilename": "mochawesome",
        "saveHtml": true,
        "saveJson": true,
        "consoleReporter": "spec",
        "useInlineDiffs": false,
        "code": true
      },
      "version": "7.1.3"
    },
    "marge": {
      "options": {},
      "version": "6.2.0"
    }
  }
}